<?xml version="1.0" encoding="UTF-8"?>
<testng-results ignored="0" total="1" passed="1" failed="0" skipped="0">
  <reporter-output>
  </reporter-output>
  <suite started-at="2024-09-05T11:08:19 IST" name="Suite" finished-at="2024-09-05T11:09:29 IST" duration-ms="69876">
    <groups>
      <group name="master">
        <method signature="TC007_EndToEndTesting.EndToEndTesting()[pri:0, instance:testCases.TC007_EndToEndTesting@89ff02e]" name="EndToEndTesting" class="testCases.TC007_EndToEndTesting"/>
      </group> <!-- master -->
    </groups>
    <test started-at="2024-09-05T11:08:19 IST" name="Test" finished-at="2024-09-05T11:09:29 IST" duration-ms="69876">
      <class name="testCases.TC007_EndToEndTesting">
        <test-method is-config="true" signature="setupTest(java.lang.String,java.lang.String)[pri:0, instance:testCases.TC007_EndToEndTesting@89ff02e]" started-at="2024-09-05T11:08:19 IST" name="setupTest" finished-at="2024-09-05T11:08:37 IST" duration-ms="18440" status="PASS">
          <params>
            <param index="0">
              <value>
                <![CDATA[chrome]]>
              </value>
            </param>
            <param index="1">
              <value>
                <![CDATA[windows]]>
              </value>
            </param>
          </params>
          <reporter-output>
          </reporter-output>
        </test-method> <!-- setupTest -->
        <test-method signature="EndToEndTesting()[pri:0, instance:testCases.TC007_EndToEndTesting@89ff02e]" started-at="2024-09-05T11:08:37 IST" name="EndToEndTesting" finished-at="2024-09-05T11:09:28 IST" duration-ms="50783" status="PASS">
          <reporter-output>
          </reporter-output>
        </test-method> <!-- EndToEndTesting -->
        <test-method is-config="true" signature="closeTest()[pri:0, instance:testCases.TC007_EndToEndTesting@89ff02e]" started-at="2024-09-05T11:09:28 IST" name="closeTest" finished-at="2024-09-05T11:09:29 IST" duration-ms="619" status="PASS">
          <reporter-output>
          </reporter-output>
        </test-method> <!-- closeTest -->
      </class> <!-- testCases.TC007_EndToEndTesting -->
    </test> <!-- Test -->
  </suite> <!-- Suite -->
</testng-results>
